<?xml version="1.0" encoding="UTF-8"?>
<coverage generated="2025-08-21T18:05:13+00:00">
  <project timestamp="1755799513">
    <file name="app/Http/Controllers/AuthController.php">
      <class name="AuthController" namespace="App\Http\Controllers">
        <metrics complexity="8" methods="4" coveredmethods="4" conditionals="2" coveredconditionals="2" statements="25" coveredstatements="22" elements="31" coveredelements="28"/>
      </class>
      <line num="1" type="stmt" count="1"/>
      <line num="15" type="stmt" count="1"/>
      <line num="25" type="stmt" count="1"/>
      <metrics loc="80" ncloc="65" classes="1" methods="4" coveredmethods="4" conditionals="2" coveredconditionals="2" statements="25" coveredstatements="22" elements="31" coveredelements="28"/>
    </file>
    <file name="app/Http/Controllers/CourrierController.php">
      <class name="CourrierController" namespace="App\Http\Controllers">
        <metrics complexity="12" methods="6" coveredmethods="5" conditionals="4" coveredconditionals="3" statements="35" coveredstatements="28" elements="45" coveredelements="36"/>
      </class>
      <metrics loc="120" ncloc="95" classes="1" methods="6" coveredmethods="5" conditionals="4" coveredconditionals="3" statements="35" coveredstatements="28" elements="45" coveredelements="36"/>
    </file>
    <metrics files="2" loc="200" ncloc="160" classes="2" methods="10" coveredmethods="9" conditionals="6" coveredconditionals="5" statements="60" coveredstatements="50" elements="76" coveredelements="64"/>
  </project>
</coverage>